Using cache found in /jty/sny1/.cache/torch/hub/chenyaofo_pytorch-cifar-models_master
============================================================
EvalGuard Experiment Runner (v5 - Logit-Space Shift)
  Dataset: cifar10
  Teacher: resnet20 (config: cifar10_resnet20)
  Student: resnet20
  Device: cuda
  Experiment: surrogate_ft
  Label mode: soft
  Trigger mode: rec_trigger (own_data_source=trainset)
  rw=0.05, delta_logit=5.0, beta=0.5, delta_min=0.5, verify_T=5.0
  tag=diag_scan_d5.0
  dist: epochs=80, lr=0.002, batch=128
  ft: epochs=20, lr=0.0005, fractions=[0.0, 0.01, 0.05, 0.1]
  temperatures=[5]
============================================================
[INFO] Loading CIFAR-10 ResNet-20 via torch.hub...
Baseline accuracy: 92.59%


============================================================
Table VII: Surrogate Fine-Tuning Attack [SOFT]
  Dataset: cifar10, T: resnet20 -> S: resnet20
  rw=0.05, dist_epochs=80, ft_epochs=20, ft_lr=0.0005, ft_fractions=[0.0, 0.01, 0.05, 0.1]
  delta_logit=5.0, beta=0.5, label_mode=soft
============================================================

--- T=5 [soft-label] ---
  No cache. Distilling (soft)...
Using cache found in /jty/sny1/.cache/torch/hub/chenyaofo_pytorch-cifar-models_master
    Distillation epoch 10/80, Loss: 2.4143
    Distillation epoch 20/80, Loss: 1.2947
    Distillation epoch 30/80, Loss: 0.8594
    Distillation epoch 40/80, Loss: 0.6389
    Distillation epoch 50/80, Loss: 0.4947
    Distillation epoch 60/80, Loss: 0.4056
    Distillation epoch 70/80, Loss: 0.3584
    Distillation epoch 80/80, Loss: 0.3412
  -> Cached: checkpoints/distill/cifar10/resnet20_resnet20/soft_label/v6__T_resnet20__S_resnet20__rw0.05__nq50000__T5__distEp80__distLr0.002__d5.0__tag_diag_scan_d5.0.pt (+ .pkl, .key)
  -> Saved: results/distill/cifar10/resnet20_resnet20/soft_label/T_resnet20__S_resnet20__rw0.05__nq50000__T5__distEp80__distLr0.002__d5.0__vT5.0__tag_diag_scan_d5.0.json

  --- Verification: trigger_mode=rec_trigger ---
  Base: acc=84.1%, triggers=2594/2594, shift=0.0180, p=1.46e-102, V=True [rec_trigger]
    [single_ctrl ] shift=+0.01795  median=+0.00886  p=1.46e-102  V=True
    [mean_rest   ] shift=+0.01482  median=+0.00168  p=1.54e-38  V=True
    [suspect_top1] shift=+0.01787  median=+0.00885  p=4.38e-102  V=True
    FT baseline: acc=84.1%, shift=0.0180, p=1.46e-102, V=True [rec_trigger]
    FT epoch 10/20, Loss: 0.4356
    FT epoch 20/20, Loss: 0.4470
    FT 1% (500): acc=84.4%, shift=0.0164, p=5.94e-93, V=True [rec_trigger]
    FT epoch 10/20, Loss: 0.5466
    FT epoch 20/20, Loss: 0.4538
    FT 5% (2500): acc=84.0%, shift=0.0177, p=9.00e-91, V=True [rec_trigger]
    FT epoch 10/20, Loss: 0.5109
    FT epoch 20/20, Loss: 0.4947
    FT 10% (5000): acc=84.3%, shift=0.0154, p=3.62e-68, V=True [rec_trigger]
  -> Saved: results/surrogate_ft/cifar10/resnet20_resnet20/soft_label__rec_trigger/T_resnet20__S_resnet20__rw0.05__nq50000__T5__distEp80__distLr0.002__ftEp20__ftLr0.0005__d5.0__vT5.0__trig_rec2594__tag_diag_scan_d5.0.json

Results: ./results/surrogate_ft/cifar10/   Checkpoints: ./checkpoints/distill/cifar10/
