Using cache found in /jty/sny1/.cache/torch/hub/chenyaofo_pytorch-cifar-models_master
============================================================
EvalGuard Experiment Runner (v5 - Logit-Space Shift)
  Dataset: cifar10
  Teacher: resnet20 (config: cifar10_resnet20)
  Student: resnet20
  Device: cuda
  Experiment: surrogate_ft
  Label mode: soft
  Trigger mode: both (own_data_source=trainset)
  rw=0.05, delta_logit=2.0, beta=0.3, delta_min=0.5, verify_T=5.0
  tag=diag_repro_T1
  dist: epochs=80, lr=0.002, batch=128
  ft: epochs=20, lr=0.0005, fractions=[0.0, 0.01, 0.05, 0.1]
  temperatures=[1]
============================================================
[INFO] Loading CIFAR-10 ResNet-20 via torch.hub...
Baseline accuracy: 92.59%


============================================================
Table VII: Surrogate Fine-Tuning Attack [SOFT]
  Dataset: cifar10, T: resnet20 -> S: resnet20
  rw=0.05, dist_epochs=80, ft_epochs=20, ft_lr=0.0005, ft_fractions=[0.0, 0.01, 0.05, 0.1]
  delta_logit=2.0, beta=0.3, label_mode=soft
============================================================
Using cache found in /jty/sny1/.cache/torch/hub/chenyaofo_pytorch-cifar-models_master

--- T=1 [soft-label] ---
  -> Loaded cache: checkpoints/distill/cifar10/resnet20_resnet20/soft_label/v6__T_resnet20__S_resnet20__rw0.05__nq50000__T1__distEp80__distLr0.002__d2.0__tag_diag_repro_T1.pt (K_w=04e5acdfd53b...)

  --- Verification: trigger_mode=rec_trigger ---
  Base: acc=82.2%, triggers=2563/2563, shift=-0.0022, p=1.00e+00, V=False [rec_trigger]
    [single_ctrl ] shift=-0.00222  median=-0.00476  p=1.00e+00  V=False
    [mean_rest   ] shift=+0.00724  median=-0.00209  p=6.27e-06  V=False
    [suspect_top1] shift=-0.00222  median=-0.00476  p=1.00e+00  V=False
    FT baseline: acc=82.2%, shift=-0.0022, p=1.00e+00, V=False [rec_trigger]
    FT epoch 10/20, Loss: 0.4139
    FT epoch 20/20, Loss: 0.4011
    FT 1% (500): acc=82.1%, shift=-0.0018, p=1.00e+00, V=False [rec_trigger]
    FT epoch 10/20, Loss: 0.4872
    FT epoch 20/20, Loss: 0.4692
    FT 5% (2500): acc=82.1%, shift=-0.0009, p=9.99e-01, V=False [rec_trigger]
    FT epoch 10/20, Loss: 0.5103
    FT epoch 20/20, Loss: 0.4534
    FT 10% (5000): acc=82.5%, shift=-0.0012, p=9.99e-01, V=False [rec_trigger]
  -> Saved: results/surrogate_ft/cifar10/resnet20_resnet20/soft_label__rec_trigger/T_resnet20__S_resnet20__rw0.05__nq50000__T1__distEp80__distLr0.002__ftEp20__ftLr0.0005__d2.0__vT5.0__trig_rec2563__tag_diag_repro_T1.json

  --- Verification: trigger_mode=own_trigger ---
  Base: acc=82.2%, triggers=50000/50000, shift=-0.0023, p=1.00e+00, V=False [own_trigger]
    [single_ctrl ] shift=-0.00233  median=-0.00609  p=1.00e+00  V=False
    [mean_rest   ] shift=+0.01028  median=-0.00489  p=1.93e-01  V=False
    [suspect_top1] shift=-0.00303  median=-0.00605  p=1.00e+00  V=False
    FT baseline: acc=82.2%, shift=-0.0023, p=1.00e+00, V=False [own_trigger]
    FT epoch 10/20, Loss: 0.4411
    FT epoch 20/20, Loss: 0.4133
    FT 1% (500): acc=82.2%, shift=-0.0011, p=1.00e+00, V=False [own_trigger]
    FT epoch 10/20, Loss: 0.4773
    FT epoch 20/20, Loss: 0.4853
    FT 5% (2500): acc=82.3%, shift=-0.0008, p=1.00e+00, V=False [own_trigger]
    FT epoch 10/20, Loss: 0.4564
    FT epoch 20/20, Loss: 0.4575
    FT 10% (5000): acc=82.7%, shift=0.0006, p=1.00e+00, V=False [own_trigger]
  -> Saved: results/surrogate_ft/cifar10/resnet20_resnet20/soft_label__own_trigger/T_resnet20__S_resnet20__rw0.05__nq50000__T1__distEp80__distLr0.002__ftEp20__ftLr0.0005__d2.0__vT5.0__trig_own50000__tag_diag_repro_T1.json

Results: ./results/surrogate_ft/cifar10/   Checkpoints: ./checkpoints/distill/cifar10/
