Using cache found in /jty/sny1/.cache/torch/hub/chenyaofo_pytorch-cifar-models_master
============================================================
EvalGuard Experiment Runner (v5 - Logit-Space Shift)
  Dataset: cifar10
  Teacher: resnet20 (config: cifar10_resnet20)
  Student: resnet20
  Device: cuda
  Experiment: surrogate_ft
  Label mode: soft
  Trigger mode: both (own_data_source=trainset)
  rw=0.05, delta_logit=2.0, beta=0.3, delta_min=0.5, verify_T=5.0
  tag=diag_repro_T10
  dist: epochs=80, lr=0.002, batch=128
  ft: epochs=20, lr=0.0005, fractions=[0.0, 0.01, 0.05, 0.1]
  temperatures=[10]
============================================================
[INFO] Loading CIFAR-10 ResNet-20 via torch.hub...
Baseline accuracy: 92.59%


============================================================
Table VII: Surrogate Fine-Tuning Attack [SOFT]
  Dataset: cifar10, T: resnet20 -> S: resnet20
  rw=0.05, dist_epochs=80, ft_epochs=20, ft_lr=0.0005, ft_fractions=[0.0, 0.01, 0.05, 0.1]
  delta_logit=2.0, beta=0.3, label_mode=soft
============================================================

--- T=10 [soft-label] ---
  No cache. Distilling (soft)...
Using cache found in /jty/sny1/.cache/torch/hub/chenyaofo_pytorch-cifar-models_master
    Distillation epoch 10/80, Loss: 2.1937
    Distillation epoch 20/80, Loss: 1.2384
    Distillation epoch 30/80, Loss: 0.8652
    Distillation epoch 40/80, Loss: 0.6430
    Distillation epoch 50/80, Loss: 0.5207
    Distillation epoch 60/80, Loss: 0.4378
    Distillation epoch 70/80, Loss: 0.3935
    Distillation epoch 80/80, Loss: 0.3816
  -> Cached: checkpoints/distill/cifar10/resnet20_resnet20/soft_label/v6__T_resnet20__S_resnet20__rw0.05__nq50000__T10__distEp80__distLr0.002__d2.0__tag_diag_repro_T10.pt (+ .pkl, .key)
  -> Saved: results/distill/cifar10/resnet20_resnet20/soft_label/T_resnet20__S_resnet20__rw0.05__nq50000__T10__distEp80__distLr0.002__d2.0__vT5.0__tag_diag_repro_T10.json

  --- Verification: trigger_mode=rec_trigger ---
  Base: acc=85.2%, triggers=2532/2532, shift=0.0025, p=1.63e-02, V=False [rec_trigger]
    [single_ctrl ] shift=+0.00255  median=+0.00030  p=1.63e-02  V=False
    [mean_rest   ] shift=+0.00250  median=-0.00173  p=9.99e-01  V=False
    [suspect_top1] shift=+0.00257  median=+0.00030  p=1.51e-02  V=False
    FT baseline: acc=85.2%, shift=0.0025, p=1.63e-02, V=False [rec_trigger]
    FT epoch 10/20, Loss: 0.5160
    FT epoch 20/20, Loss: 0.4206
    FT 1% (500): acc=84.8%, shift=0.0030, p=8.57e-03, V=False [rec_trigger]
    FT epoch 10/20, Loss: 0.4807
    FT epoch 20/20, Loss: 0.4328
    FT 5% (2500): acc=84.6%, shift=0.0030, p=2.20e-05, V=False [rec_trigger]
    FT epoch 10/20, Loss: 0.4729
    FT epoch 20/20, Loss: 0.4419
    FT 10% (5000): acc=84.8%, shift=0.0037, p=3.71e-11, V=False [rec_trigger]
  -> Saved: results/surrogate_ft/cifar10/resnet20_resnet20/soft_label__rec_trigger/T_resnet20__S_resnet20__rw0.05__nq50000__T10__distEp80__distLr0.002__ftEp20__ftLr0.0005__d2.0__vT5.0__trig_rec2532__tag_diag_repro_T10.json

  --- Verification: trigger_mode=own_trigger ---
  Base: acc=85.2%, triggers=50000/50000, shift=-0.0002, p=1.00e+00, V=False [own_trigger]
    [single_ctrl ] shift=-0.00017  median=-0.00116  p=1.00e+00  V=False
    [mean_rest   ] shift=-0.00179  median=-0.00565  p=1.00e+00  V=False
    [suspect_top1] shift=-0.00079  median=-0.00118  p=1.00e+00  V=False
    FT baseline: acc=85.2%, shift=-0.0002, p=1.00e+00, V=False [own_trigger]
    FT epoch 10/20, Loss: 0.4708
    FT epoch 20/20, Loss: 0.4278
    FT 1% (500): acc=84.7%, shift=-0.0002, p=1.00e+00, V=False [own_trigger]
    FT epoch 10/20, Loss: 0.5031
    FT epoch 20/20, Loss: 0.4965
    FT 5% (2500): acc=84.7%, shift=-0.0001, p=1.00e+00, V=False [own_trigger]
    FT epoch 10/20, Loss: 0.4705
    FT epoch 20/20, Loss: 0.4710
    FT 10% (5000): acc=84.8%, shift=0.0000, p=9.75e-03, V=False [own_trigger]
  -> Saved: results/surrogate_ft/cifar10/resnet20_resnet20/soft_label__own_trigger/T_resnet20__S_resnet20__rw0.05__nq50000__T10__distEp80__distLr0.002__ftEp20__ftLr0.0005__d2.0__vT5.0__trig_own50000__tag_diag_repro_T10.json

Results: ./results/surrogate_ft/cifar10/   Checkpoints: ./checkpoints/distill/cifar10/
