Using cache found in /jty/sny1/.cache/torch/hub/chenyaofo_pytorch-cifar-models_master
============================================================
EvalGuard Experiment Runner (v5 - Logit-Space Shift)
  Dataset: cifar10
  Teacher: resnet20 (config: cifar10_resnet20)
  Student: resnet20
  Device: cuda
  Experiment: surrogate_ft
  Label mode: soft
  Trigger mode: both (own_data_source=trainset)
  rw=0.05, delta_logit=2.0, beta=0.3, delta_min=0.5, verify_T=5.0
  tag=diag_repro_T3
  dist: epochs=80, lr=0.002, batch=128
  ft: epochs=20, lr=0.0005, fractions=[0.0, 0.01, 0.05, 0.1]
  temperatures=[3]
============================================================
[INFO] Loading CIFAR-10 ResNet-20 via torch.hub...
Baseline accuracy: 92.59%


============================================================
Table VII: Surrogate Fine-Tuning Attack [SOFT]
  Dataset: cifar10, T: resnet20 -> S: resnet20
  rw=0.05, dist_epochs=80, ft_epochs=20, ft_lr=0.0005, ft_fractions=[0.0, 0.01, 0.05, 0.1]
  delta_logit=2.0, beta=0.3, label_mode=soft
============================================================
Using cache found in /jty/sny1/.cache/torch/hub/chenyaofo_pytorch-cifar-models_master

--- T=3 [soft-label] ---
  -> Loaded cache: checkpoints/distill/cifar10/resnet20_resnet20/soft_label/v6__T_resnet20__S_resnet20__rw0.05__nq50000__T3__distEp80__distLr0.002__d2.0__tag_diag_repro_T3.pt (K_w=6f8f5d8f37a8...)

  --- Verification: trigger_mode=rec_trigger ---
  Base: acc=84.4%, triggers=2496/2496, shift=0.0157, p=8.73e-168, V=True [rec_trigger]
    [single_ctrl ] shift=+0.01574  median=+0.01120  p=8.73e-168  V=True
    [mean_rest   ] shift=+0.01059  median=+0.00422  p=4.46e-73  V=True
    [suspect_top1] shift=+0.01574  median=+0.01120  p=8.73e-168  V=True
    FT baseline: acc=84.4%, shift=0.0157, p=8.73e-168, V=True [rec_trigger]
    FT epoch 10/20, Loss: 0.4098
    FT epoch 20/20, Loss: 0.3634
    FT 1% (500): acc=84.3%, shift=0.0175, p=3.65e-181, V=True [rec_trigger]
    FT epoch 10/20, Loss: 0.4506
    FT epoch 20/20, Loss: 0.4288
    FT 5% (2500): acc=84.4%, shift=0.0173, p=1.32e-173, V=True [rec_trigger]
    FT epoch 10/20, Loss: 0.4643
    FT epoch 20/20, Loss: 0.4476
    FT 10% (5000): acc=84.4%, shift=0.0170, p=7.12e-178, V=True [rec_trigger]
  -> Saved: results/surrogate_ft/cifar10/resnet20_resnet20/soft_label__rec_trigger/T_resnet20__S_resnet20__rw0.05__nq50000__T3__distEp80__distLr0.002__ftEp20__ftLr0.0005__d2.0__vT5.0__trig_rec2496__tag_diag_repro_T3.json

  --- Verification: trigger_mode=own_trigger ---
  Base: acc=84.4%, triggers=50000/50000, shift=0.0157, p=0.00e+00, V=True [own_trigger]
    [single_ctrl ] shift=+0.01571  median=+0.00979  p=0.00e+00  V=True
    [mean_rest   ] shift=+0.00848  median=+0.00127  p=3.77e-132  V=True
    [suspect_top1] shift=+0.01451  median=+0.01005  p=0.00e+00  V=True
    FT baseline: acc=84.4%, shift=0.0157, p=0.00e+00, V=True [own_trigger]
    FT epoch 10/20, Loss: 0.4666
    FT epoch 20/20, Loss: 0.4256
    FT 1% (500): acc=84.3%, shift=0.0165, p=0.00e+00, V=True [own_trigger]
    FT epoch 10/20, Loss: 0.4315
    FT epoch 20/20, Loss: 0.4654
    FT 5% (2500): acc=84.4%, shift=0.0166, p=0.00e+00, V=True [own_trigger]
    FT epoch 10/20, Loss: 0.5254
    FT epoch 20/20, Loss: 0.4380
    FT 10% (5000): acc=84.3%, shift=0.0165, p=0.00e+00, V=True [own_trigger]
  -> Saved: results/surrogate_ft/cifar10/resnet20_resnet20/soft_label__own_trigger/T_resnet20__S_resnet20__rw0.05__nq50000__T3__distEp80__distLr0.002__ftEp20__ftLr0.0005__d2.0__vT5.0__trig_own50000__tag_diag_repro_T3.json

Results: ./results/surrogate_ft/cifar10/   Checkpoints: ./checkpoints/distill/cifar10/
