Using cache found in /jty/sny1/.cache/torch/hub/chenyaofo_pytorch-cifar-models_master
============================================================
EvalGuard Experiment Runner (v5 - Logit-Space Shift)
  Dataset: cifar10
  Teacher: resnet20 (config: cifar10_resnet20)
  Student: resnet20
  Device: cuda
  Experiment: surrogate_ft
  Label mode: soft
  Trigger mode: both (own_data_source=trainset)
  rw=0.1, delta_logit=5.0, beta=0.5, delta_min=0.5, verify_T=10.0
  tag=diag_final_T10
  dist: epochs=80, lr=0.002, batch=128
  ft: epochs=20, lr=0.0005, fractions=[0.0, 0.01, 0.05, 0.1]
  temperatures=[10]
============================================================
[INFO] Loading CIFAR-10 ResNet-20 via torch.hub...
Baseline accuracy: 92.59%


============================================================
Table VII: Surrogate Fine-Tuning Attack [SOFT]
  Dataset: cifar10, T: resnet20 -> S: resnet20
  rw=0.1, dist_epochs=80, ft_epochs=20, ft_lr=0.0005, ft_fractions=[0.0, 0.01, 0.05, 0.1]
  delta_logit=5.0, beta=0.5, label_mode=soft
============================================================

--- T=10 [soft-label] ---
  No cache. Distilling (soft)...
Using cache found in /jty/sny1/.cache/torch/hub/chenyaofo_pytorch-cifar-models_master
    Distillation epoch 10/80, Loss: 2.2898
    Distillation epoch 20/80, Loss: 1.3352
    Distillation epoch 30/80, Loss: 0.9439
    Distillation epoch 40/80, Loss: 0.7297
    Distillation epoch 50/80, Loss: 0.5825
    Distillation epoch 60/80, Loss: 0.4969
    Distillation epoch 70/80, Loss: 0.4478
    Distillation epoch 80/80, Loss: 0.4310
  -> Cached: checkpoints/distill/cifar10/resnet20_resnet20/soft_label/v6__T_resnet20__S_resnet20__rw0.1__nq50000__T10__distEp80__distLr0.002__d5.0__tag_diag_final_T10.pt (+ .pkl, .key)
  -> Saved: results/distill/cifar10/resnet20_resnet20/soft_label/T_resnet20__S_resnet20__rw0.1__nq50000__T10__distEp80__distLr0.002__d5.0__vT10.0__tag_diag_final_T10.json

  --- Verification: trigger_mode=rec_trigger ---
  Base: acc=84.4%, triggers=4979/4979, shift=0.0119, p=7.79e-227, V=True [rec_trigger]
    [single_ctrl ] shift=+0.01189  median=+0.00950  p=7.79e-227  V=True
    [mean_rest   ] shift=+0.01257  median=+0.00634  p=1.10e-283  V=True
    [suspect_top1] shift=+0.01182  median=+0.00950  p=7.35e-227  V=True
    FT baseline: acc=84.4%, shift=0.0119, p=7.79e-227, V=True [rec_trigger]
    FT epoch 10/20, Loss: 0.4530
    FT epoch 20/20, Loss: 0.3653
    FT 1% (500): acc=84.0%, shift=0.0108, p=1.63e-198, V=True [rec_trigger]
    FT epoch 10/20, Loss: 0.5319
    FT epoch 20/20, Loss: 0.4402
    FT 5% (2500): acc=84.0%, shift=0.0105, p=2.28e-203, V=True [rec_trigger]
    FT epoch 10/20, Loss: 0.5670
    FT epoch 20/20, Loss: 0.4877
    FT 10% (5000): acc=84.1%, shift=0.0102, p=5.99e-209, V=True [rec_trigger]
  -> Saved: results/surrogate_ft/cifar10/resnet20_resnet20/soft_label__rec_trigger/T_resnet20__S_resnet20__rw0.1__nq50000__T10__distEp80__distLr0.002__ftEp20__ftLr0.0005__d5.0__vT10.0__trig_rec4979__tag_diag_final_T10.json

  --- Verification: trigger_mode=own_trigger ---
  Base: acc=84.4%, triggers=50000/50000, shift=0.0032, p=0.00e+00, V=True [own_trigger]
    [single_ctrl ] shift=+0.00322  median=+0.00391  p=0.00e+00  V=True
    [mean_rest   ] shift=+0.00385  median=+0.00020  p=3.38e-76  V=True
    [suspect_top1] shift=+0.00328  median=+0.00397  p=0.00e+00  V=True
    FT baseline: acc=84.4%, shift=0.0032, p=0.00e+00, V=True [own_trigger]
    FT epoch 10/20, Loss: 0.4318
    FT epoch 20/20, Loss: 0.4520
    FT 1% (500): acc=84.1%, shift=0.0023, p=5.22e-253, V=True [own_trigger]
    FT epoch 10/20, Loss: 0.5206
    FT epoch 20/20, Loss: 0.4943
    FT 5% (2500): acc=84.2%, shift=0.0027, p=0.00e+00, V=True [own_trigger]
    FT epoch 10/20, Loss: 0.4802
    FT epoch 20/20, Loss: 0.4769
    FT 10% (5000): acc=84.0%, shift=0.0021, p=1.36e-254, V=True [own_trigger]
  -> Saved: results/surrogate_ft/cifar10/resnet20_resnet20/soft_label__own_trigger/T_resnet20__S_resnet20__rw0.1__nq50000__T10__distEp80__distLr0.002__ftEp20__ftLr0.0005__d5.0__vT10.0__trig_own50000__tag_diag_final_T10.json

Results: ./results/surrogate_ft/cifar10/   Checkpoints: ./checkpoints/distill/cifar10/
