============================================================
EvalGuard Experiment Runner (v5 - Logit-Space Shift)
  Dataset: cifar10
  Teacher: resnet20 (config: cifar10_resnet20)
  Student: resnet20
  Device: cuda
  Experiment: surrogate_ft
  Label mode: soft
  Trigger mode: both (own_data_source=trainset)
  rw=0.1, delta_logit=5.0, beta=0.5, delta_min=0.5, verify_T=10.0
  tag=diag_final_T5
  dist: epochs=80, lr=0.002, batch=128
  ft: epochs=20, lr=0.0005, fractions=[0.0, 0.01, 0.05, 0.1]
  temperatures=[5]
============================================================
[INFO] Loading CIFAR-10 ResNet-20 via torch.hub...
Traceback (most recent call last):
  File "/jty/sny1/code/2_EvalGuard/experiments.py", line 1087, in <module>
    main()
  File "/jty/sny1/code/2_EvalGuard/experiments.py", line 1035, in main
    model, latent_layer, _ = get_model(config_key, a.pretrained)
  File "/jty/sny1/code/2_EvalGuard/experiments.py", line 242, in get_model
    model, ll = config["model_fn"](pretrained=True)
  File "/jty/sny1/code/2_EvalGuard/evalguard/configs.py", line 66, in cifar10_resnet20
    model = torch.hub.load("chenyaofo/pytorch-cifar-models", "cifar10_resnet20", pretrained=pretrained)
  File "/jty/sny1/miniconda3/envs/evalguard/lib/python3.10/site-packages/torch/hub.py", line 638, in load
    repo_or_dir = _get_cache_or_reload(
  File "/jty/sny1/miniconda3/envs/evalguard/lib/python3.10/site-packages/torch/hub.py", line 229, in _get_cache_or_reload
    repo_owner, repo_name, ref = _parse_repo_info(github)
  File "/jty/sny1/miniconda3/envs/evalguard/lib/python3.10/site-packages/torch/hub.py", line 161, in _parse_repo_info
    with urlopen(f"https://github.com/{repo_owner}/{repo_name}/tree/main/"):
  File "/jty/sny1/miniconda3/envs/evalguard/lib/python3.10/urllib/request.py", line 216, in urlopen
    return opener.open(url, data, timeout)
  File "/jty/sny1/miniconda3/envs/evalguard/lib/python3.10/urllib/request.py", line 519, in open
    response = self._open(req, data)
  File "/jty/sny1/miniconda3/envs/evalguard/lib/python3.10/urllib/request.py", line 536, in _open
    result = self._call_chain(self.handle_open, protocol, protocol +
  File "/jty/sny1/miniconda3/envs/evalguard/lib/python3.10/urllib/request.py", line 496, in _call_chain
    result = func(*args)
  File "/jty/sny1/miniconda3/envs/evalguard/lib/python3.10/urllib/request.py", line 1391, in https_open
    return self.do_open(http.client.HTTPSConnection, req,
  File "/jty/sny1/miniconda3/envs/evalguard/lib/python3.10/urllib/request.py", line 1352, in do_open
    r = h.getresponse()
  File "/jty/sny1/miniconda3/envs/evalguard/lib/python3.10/http/client.py", line 1395, in getresponse
    response.begin()
  File "/jty/sny1/miniconda3/envs/evalguard/lib/python3.10/http/client.py", line 323, in begin
    version, status, reason = self._read_status()
  File "/jty/sny1/miniconda3/envs/evalguard/lib/python3.10/http/client.py", line 292, in _read_status
    raise RemoteDisconnected("Remote end closed connection without"
http.client.RemoteDisconnected: Remote end closed connection without response
