Using cache found in /jty/sny1/.cache/torch/hub/chenyaofo_pytorch-cifar-models_master
============================================================
EvalGuard Experiment Runner (v5 - Logit-Space Shift)
  Dataset: cifar10
  Teacher: resnet20 (config: cifar10_resnet20)
  Student: resnet20
  Device: cuda
  Experiment: surrogate_ft
  Label mode: soft
  Trigger mode: rec_trigger (own_data_source=trainset)
  rw=0.05, delta_logit=7.0, beta=0.5, delta_min=0.5, verify_T=5.0
  tag=diag_scan_d7.0
  dist: epochs=80, lr=0.002, batch=128
  ft: epochs=20, lr=0.0005, fractions=[0.0, 0.01, 0.05, 0.1]
  temperatures=[5]
============================================================
[INFO] Loading CIFAR-10 ResNet-20 via torch.hub...
Baseline accuracy: 92.59%


============================================================
Table VII: Surrogate Fine-Tuning Attack [SOFT]
  Dataset: cifar10, T: resnet20 -> S: resnet20
  rw=0.05, dist_epochs=80, ft_epochs=20, ft_lr=0.0005, ft_fractions=[0.0, 0.01, 0.05, 0.1]
  delta_logit=7.0, beta=0.5, label_mode=soft
============================================================

--- T=5 [soft-label] ---
  No cache. Distilling (soft)...
Using cache found in /jty/sny1/.cache/torch/hub/chenyaofo_pytorch-cifar-models_master
    Distillation epoch 10/80, Loss: 2.3733
    Distillation epoch 20/80, Loss: 1.2405
    Distillation epoch 30/80, Loss: 0.8449
    Distillation epoch 40/80, Loss: 0.6351
    Distillation epoch 50/80, Loss: 0.4880
    Distillation epoch 60/80, Loss: 0.4005
    Distillation epoch 70/80, Loss: 0.3588
    Distillation epoch 80/80, Loss: 0.3416
  -> Cached: checkpoints/distill/cifar10/resnet20_resnet20/soft_label/v6__T_resnet20__S_resnet20__rw0.05__nq50000__T5__distEp80__distLr0.002__d7.0__tag_diag_scan_d7.0.pt (+ .pkl, .key)
  -> Saved: results/distill/cifar10/resnet20_resnet20/soft_label/T_resnet20__S_resnet20__rw0.05__nq50000__T5__distEp80__distLr0.002__d7.0__vT5.0__tag_diag_scan_d7.0.json

  --- Verification: trigger_mode=rec_trigger ---
  Base: acc=84.3%, triggers=2482/2482, shift=0.0068, p=1.16e-32, V=True [rec_trigger]
    [single_ctrl ] shift=+0.00677  median=+0.00413  p=1.16e-32  V=True
    [mean_rest   ] shift=+0.00569  median=+0.00024  p=2.39e-06  V=False
    [suspect_top1] shift=+0.00667  median=+0.00408  p=2.93e-32  V=True
    FT baseline: acc=84.3%, shift=0.0068, p=1.16e-32, V=True [rec_trigger]
    FT epoch 10/20, Loss: 0.3606
    FT epoch 20/20, Loss: 0.3644
    FT 1% (500): acc=84.4%, shift=0.0053, p=2.36e-24, V=True [rec_trigger]
    FT epoch 10/20, Loss: 0.4544
    FT epoch 20/20, Loss: 0.4176
    FT 5% (2500): acc=84.0%, shift=0.0046, p=1.53e-18, V=False [rec_trigger]
    FT epoch 10/20, Loss: 0.4640
    FT epoch 20/20, Loss: 0.4041
    FT 10% (5000): acc=84.0%, shift=0.0052, p=4.54e-18, V=False [rec_trigger]
  -> Saved: results/surrogate_ft/cifar10/resnet20_resnet20/soft_label__rec_trigger/T_resnet20__S_resnet20__rw0.05__nq50000__T5__distEp80__distLr0.002__ftEp20__ftLr0.0005__d7.0__vT5.0__trig_rec2482__tag_diag_scan_d7.0.json

Results: ./results/surrogate_ft/cifar10/   Checkpoints: ./checkpoints/distill/cifar10/
