Using cache found in /jty/sny1/.cache/torch/hub/chenyaofo_pytorch-cifar-models_master
============================================================
EvalGuard Experiment Runner (v5 - Logit-Space Shift)
  Dataset: cifar10
  Teacher: resnet20 (config: cifar10_resnet20)
  Student: resnet20
  Device: cuda
  Experiment: surrogate_ft
  Label mode: soft
  Trigger mode: both (own_data_source=trainset)
  rw=0.1, delta_logit=5.0, beta=0.5, delta_min=0.5, verify_T=10.0
  tag=diag_final_T1
  dist: epochs=80, lr=0.002, batch=128
  ft: epochs=20, lr=0.0005, fractions=[0.0, 0.01, 0.05, 0.1]
  temperatures=[1]
============================================================
[INFO] Loading CIFAR-10 ResNet-20 via torch.hub...
Baseline accuracy: 92.59%


============================================================
Table VII: Surrogate Fine-Tuning Attack [SOFT]
  Dataset: cifar10, T: resnet20 -> S: resnet20
  rw=0.1, dist_epochs=80, ft_epochs=20, ft_lr=0.0005, ft_fractions=[0.0, 0.01, 0.05, 0.1]
  delta_logit=5.0, beta=0.5, label_mode=soft
============================================================
Using cache found in /jty/sny1/.cache/torch/hub/chenyaofo_pytorch-cifar-models_master

--- T=1 [soft-label] ---
  -> Loaded cache: checkpoints/distill/cifar10/resnet20_resnet20/soft_label/v6__T_resnet20__S_resnet20__rw0.1__nq50000__T1__distEp80__distLr0.002__d5.0__tag_diag_final_T1.pt (K_w=853f6f007818...)

  --- Verification: trigger_mode=rec_trigger ---
  Base: acc=82.0%, triggers=5082/5082, shift=0.0134, p=8.86e-191, V=True [rec_trigger]
    [single_ctrl ] shift=+0.01344  median=+0.01432  p=8.86e-191  V=True
    [mean_rest   ] shift=+0.01167  median=+0.00889  p=1.26e-171  V=True
    [suspect_top1] shift=+0.01344  median=+0.01432  p=8.86e-191  V=True
    FT baseline: acc=82.0%, shift=0.0134, p=8.86e-191, V=True [rec_trigger]
    FT epoch 10/20, Loss: 0.3975
    FT epoch 20/20, Loss: 0.3278
    FT 1% (500): acc=82.0%, shift=0.0122, p=4.00e-152, V=True [rec_trigger]
    FT epoch 10/20, Loss: 0.4710
    FT epoch 20/20, Loss: 0.4514
    FT 5% (2500): acc=82.4%, shift=0.0131, p=1.57e-175, V=True [rec_trigger]
    FT epoch 10/20, Loss: 0.4503
    FT epoch 20/20, Loss: 0.4489
    FT 10% (5000): acc=82.2%, shift=0.0144, p=1.73e-216, V=True [rec_trigger]
  -> Saved: results/surrogate_ft/cifar10/resnet20_resnet20/soft_label__rec_trigger/T_resnet20__S_resnet20__rw0.1__nq50000__T1__distEp80__distLr0.002__ftEp20__ftLr0.0005__d5.0__vT10.0__trig_rec5082__tag_diag_final_T1.json

  --- Verification: trigger_mode=own_trigger ---
  Base: acc=82.0%, triggers=50000/50000, shift=0.0112, p=0.00e+00, V=True [own_trigger]
    [single_ctrl ] shift=+0.01122  median=+0.01285  p=0.00e+00  V=True
    [mean_rest   ] shift=+0.00941  median=+0.00632  p=0.00e+00  V=True
    [suspect_top1] shift=+0.01148  median=+0.01294  p=0.00e+00  V=True
    FT baseline: acc=82.0%, shift=0.0112, p=0.00e+00, V=True [own_trigger]
    FT epoch 10/20, Loss: 0.4592
    FT epoch 20/20, Loss: 0.3807
    FT 1% (500): acc=82.0%, shift=0.0105, p=0.00e+00, V=True [own_trigger]
    FT epoch 10/20, Loss: 0.4548
    FT epoch 20/20, Loss: 0.4049
    FT 5% (2500): acc=82.3%, shift=0.0112, p=0.00e+00, V=True [own_trigger]
    FT epoch 10/20, Loss: 0.4634
    FT epoch 20/20, Loss: 0.4707
    FT 10% (5000): acc=82.4%, shift=0.0108, p=0.00e+00, V=True [own_trigger]
  -> Saved: results/surrogate_ft/cifar10/resnet20_resnet20/soft_label__own_trigger/T_resnet20__S_resnet20__rw0.1__nq50000__T1__distEp80__distLr0.002__ftEp20__ftLr0.0005__d5.0__vT10.0__trig_own50000__tag_diag_final_T1.json

Results: ./results/surrogate_ft/cifar10/   Checkpoints: ./checkpoints/distill/cifar10/
