Using cache found in /jty/sny1/.cache/torch/hub/chenyaofo_pytorch-cifar-models_master
============================================================
EvalGuard Experiment Runner (v5 - Logit-Space Shift)
  Dataset: cifar10
  Teacher: resnet20 (config: cifar10_resnet20)
  Student: resnet20
  Device: cuda
  Experiment: surrogate_ft
  Label mode: soft
  Trigger mode: rec_trigger (own_data_source=trainset)
  rw=0.05, delta_logit=3.0, beta=0.5, delta_min=0.5, verify_T=5.0
  tag=diag_scan_d3.0
  dist: epochs=80, lr=0.002, batch=128
  ft: epochs=20, lr=0.0005, fractions=[0.0, 0.01, 0.05, 0.1]
  temperatures=[5]
============================================================
[INFO] Loading CIFAR-10 ResNet-20 via torch.hub...
Baseline accuracy: 92.59%


============================================================
Table VII: Surrogate Fine-Tuning Attack [SOFT]
  Dataset: cifar10, T: resnet20 -> S: resnet20
  rw=0.05, dist_epochs=80, ft_epochs=20, ft_lr=0.0005, ft_fractions=[0.0, 0.01, 0.05, 0.1]
  delta_logit=3.0, beta=0.5, label_mode=soft
============================================================

--- T=5 [soft-label] ---
  No cache. Distilling (soft)...
Using cache found in /jty/sny1/.cache/torch/hub/chenyaofo_pytorch-cifar-models_master
    Distillation epoch 10/80, Loss: 2.5516
    Distillation epoch 20/80, Loss: 1.3184
    Distillation epoch 30/80, Loss: 0.8763
    Distillation epoch 40/80, Loss: 0.6383
    Distillation epoch 50/80, Loss: 0.4902
    Distillation epoch 60/80, Loss: 0.3971
    Distillation epoch 70/80, Loss: 0.3529
    Distillation epoch 80/80, Loss: 0.3375
  -> Cached: checkpoints/distill/cifar10/resnet20_resnet20/soft_label/v6__T_resnet20__S_resnet20__rw0.05__nq50000__T5__distEp80__distLr0.002__d3.0__tag_diag_scan_d3.0.pt (+ .pkl, .key)
  -> Saved: results/distill/cifar10/resnet20_resnet20/soft_label/T_resnet20__S_resnet20__rw0.05__nq50000__T5__distEp80__distLr0.002__d3.0__vT5.0__tag_diag_scan_d3.0.json

  --- Verification: trigger_mode=rec_trigger ---
  Base: acc=83.9%, triggers=2493/2493, shift=0.0058, p=1.71e-08, V=False [rec_trigger]
    [single_ctrl ] shift=+0.00578  median=+0.00152  p=1.71e-08  V=False
    [mean_rest   ] shift=+0.00673  median=-0.00233  p=2.36e-01  V=False
    [suspect_top1] shift=+0.00576  median=+0.00152  p=1.99e-08  V=False
    FT baseline: acc=83.9%, shift=0.0058, p=1.71e-08, V=False [rec_trigger]
    FT epoch 10/20, Loss: 0.4018
    FT epoch 20/20, Loss: 0.4031
    FT 1% (500): acc=83.5%, shift=0.0058, p=2.88e-09, V=False [rec_trigger]
    FT epoch 10/20, Loss: 0.5290
    FT epoch 20/20, Loss: 0.4413
    FT 5% (2500): acc=83.5%, shift=0.0061, p=1.82e-07, V=False [rec_trigger]
    FT epoch 10/20, Loss: 0.5093
    FT epoch 20/20, Loss: 0.4691
    FT 10% (5000): acc=83.5%, shift=0.0056, p=2.79e-08, V=False [rec_trigger]
  -> Saved: results/surrogate_ft/cifar10/resnet20_resnet20/soft_label__rec_trigger/T_resnet20__S_resnet20__rw0.05__nq50000__T5__distEp80__distLr0.002__ftEp20__ftLr0.0005__d3.0__vT5.0__trig_rec2493__tag_diag_scan_d3.0.json

Results: ./results/surrogate_ft/cifar10/   Checkpoints: ./checkpoints/distill/cifar10/
