Using cache found in /jty/sny1/.cache/torch/hub/chenyaofo_pytorch-cifar-models_master
============================================================
EvalGuard Experiment Runner (v5 - Logit-Space Shift)
  Dataset: cifar10
  Teacher: resnet20 (config: cifar10_resnet20)
  Student: resnet20
  Device: cuda
  Experiment: surrogate_ft
  Label mode: soft
  Trigger mode: rec_trigger (own_data_source=trainset)
  rw=0.05, delta_logit=4.0, beta=0.5, delta_min=0.5, verify_T=5.0
  tag=diag_scan_d4.0
  dist: epochs=80, lr=0.002, batch=128
  ft: epochs=20, lr=0.0005, fractions=[0.0, 0.01, 0.05, 0.1]
  temperatures=[5]
============================================================
[INFO] Loading CIFAR-10 ResNet-20 via torch.hub...
Baseline accuracy: 92.59%


============================================================
Table VII: Surrogate Fine-Tuning Attack [SOFT]
  Dataset: cifar10, T: resnet20 -> S: resnet20
  rw=0.05, dist_epochs=80, ft_epochs=20, ft_lr=0.0005, ft_fractions=[0.0, 0.01, 0.05, 0.1]
  delta_logit=4.0, beta=0.5, label_mode=soft
============================================================
Using cache found in /jty/sny1/.cache/torch/hub/chenyaofo_pytorch-cifar-models_master

--- T=5 [soft-label] ---
  -> Loaded cache: checkpoints/distill/cifar10/resnet20_resnet20/soft_label/v6__T_resnet20__S_resnet20__rw0.05__nq50000__T5__distEp80__distLr0.002__d4.0__tag_diag_scan_d4.0.pt (K_w=1fe922ed23b5...)

  --- Verification: trigger_mode=rec_trigger ---
  Base: acc=84.3%, triggers=2489/2489, shift=0.0090, p=1.11e-28, V=True [rec_trigger]
    [single_ctrl ] shift=+0.00896  median=+0.00330  p=1.11e-28  V=True
    [mean_rest   ] shift=+0.00577  median=-0.00477  p=1.00e+00  V=False
    [suspect_top1] shift=+0.00890  median=+0.00330  p=1.04e-28  V=True
    FT baseline: acc=84.3%, shift=0.0090, p=1.11e-28, V=True [rec_trigger]
    FT epoch 10/20, Loss: 0.4376
    FT epoch 20/20, Loss: 0.4285
    FT 1% (500): acc=84.3%, shift=0.0083, p=2.43e-20, V=True [rec_trigger]
    FT epoch 10/20, Loss: 0.5144
    FT epoch 20/20, Loss: 0.4699
    FT 5% (2500): acc=84.3%, shift=0.0073, p=5.51e-15, V=False [rec_trigger]
    FT epoch 10/20, Loss: 0.4660
    FT epoch 20/20, Loss: 0.4473
    FT 10% (5000): acc=84.4%, shift=0.0068, p=5.80e-13, V=False [rec_trigger]
  -> Saved: results/surrogate_ft/cifar10/resnet20_resnet20/soft_label__rec_trigger/T_resnet20__S_resnet20__rw0.05__nq50000__T5__distEp80__distLr0.002__ftEp20__ftLr0.0005__d4.0__vT5.0__trig_rec2489__tag_diag_scan_d4.0.json

Results: ./results/surrogate_ft/cifar10/   Checkpoints: ./checkpoints/distill/cifar10/
