Using cache found in /jty/sny1/.cache/torch/hub/chenyaofo_pytorch-cifar-models_master
============================================================
EvalGuard Experiment Runner (v5 - Logit-Space Shift)
  Dataset: cifar10
  Teacher: resnet20 (config: cifar10_resnet20)
  Student: resnet20
  Device: cuda
  Experiment: surrogate_ft
  Label mode: soft
  Trigger mode: both (own_data_source=trainset)
  rw=0.1, delta_logit=5.0, beta=0.5, delta_min=0.5, verify_T=10.0
  tag=diag_final_T3
  dist: epochs=80, lr=0.002, batch=128
  ft: epochs=20, lr=0.0005, fractions=[0.0, 0.01, 0.05, 0.1]
  temperatures=[3]
============================================================
[INFO] Loading CIFAR-10 ResNet-20 via torch.hub...
Baseline accuracy: 92.59%


============================================================
Table VII: Surrogate Fine-Tuning Attack [SOFT]
  Dataset: cifar10, T: resnet20 -> S: resnet20
  rw=0.1, dist_epochs=80, ft_epochs=20, ft_lr=0.0005, ft_fractions=[0.0, 0.01, 0.05, 0.1]
  delta_logit=5.0, beta=0.5, label_mode=soft
============================================================
Using cache found in /jty/sny1/.cache/torch/hub/chenyaofo_pytorch-cifar-models_master

--- T=3 [soft-label] ---
  -> Loaded cache: checkpoints/distill/cifar10/resnet20_resnet20/soft_label/v6__T_resnet20__S_resnet20__rw0.1__nq50000__T3__distEp80__distLr0.002__d5.0__tag_diag_final_T3.pt (K_w=39acad1aaf14...)

  --- Verification: trigger_mode=rec_trigger ---
  Base: acc=84.3%, triggers=4883/4883, shift=0.0109, p=1.69e-234, V=True [rec_trigger]
    [single_ctrl ] shift=+0.01087  median=+0.00609  p=1.69e-234  V=True
    [mean_rest   ] shift=+0.00745  median=+0.00182  p=1.58e-71  V=True
    [suspect_top1] shift=+0.01086  median=+0.00609  p=1.07e-233  V=True
    FT baseline: acc=84.3%, shift=0.0109, p=1.69e-234, V=True [rec_trigger]
    FT epoch 10/20, Loss: 0.3894
    FT epoch 20/20, Loss: 0.3219
    FT 1% (500): acc=84.0%, shift=0.0110, p=2.45e-244, V=True [rec_trigger]
    FT epoch 10/20, Loss: 0.4718
    FT epoch 20/20, Loss: 0.4507
    FT 5% (2500): acc=84.0%, shift=0.0105, p=6.78e-225, V=True [rec_trigger]
    FT epoch 10/20, Loss: 0.4688
    FT epoch 20/20, Loss: 0.4360
    FT 10% (5000): acc=84.3%, shift=0.0100, p=7.84e-249, V=True [rec_trigger]
  -> Saved: results/surrogate_ft/cifar10/resnet20_resnet20/soft_label__rec_trigger/T_resnet20__S_resnet20__rw0.1__nq50000__T3__distEp80__distLr0.002__ftEp20__ftLr0.0005__d5.0__vT10.0__trig_rec4883__tag_diag_final_T3.json

  --- Verification: trigger_mode=own_trigger ---
  Base: acc=84.3%, triggers=50000/50000, shift=0.0066, p=0.00e+00, V=True [own_trigger]
    [single_ctrl ] shift=+0.00660  median=+0.00394  p=0.00e+00  V=True
    [mean_rest   ] shift=+0.00208  median=-0.00190  p=9.99e-01  V=False
    [suspect_top1] shift=+0.00644  median=+0.00393  p=0.00e+00  V=True
    FT baseline: acc=84.3%, shift=0.0066, p=0.00e+00, V=True [own_trigger]
    FT epoch 10/20, Loss: 0.3617
    FT epoch 20/20, Loss: 0.3142
    FT 1% (500): acc=84.1%, shift=0.0068, p=0.00e+00, V=True [own_trigger]
    FT epoch 10/20, Loss: 0.4956
    FT epoch 20/20, Loss: 0.4589
    FT 5% (2500): acc=84.0%, shift=0.0059, p=0.00e+00, V=True [own_trigger]
    FT epoch 10/20, Loss: 0.4811
    FT epoch 20/20, Loss: 0.4450
    FT 10% (5000): acc=84.0%, shift=0.0068, p=0.00e+00, V=True [own_trigger]
  -> Saved: results/surrogate_ft/cifar10/resnet20_resnet20/soft_label__own_trigger/T_resnet20__S_resnet20__rw0.1__nq50000__T3__distEp80__distLr0.002__ftEp20__ftLr0.0005__d5.0__vT10.0__trig_own50000__tag_diag_final_T3.json

Results: ./results/surrogate_ft/cifar10/   Checkpoints: ./checkpoints/distill/cifar10/
